<?xml version="1.0" encoding="UTF-8"?>
<!-- Generated by org.testng.reporters.JUnitReportReporter -->
<testsuite skipped="0" hostname="Subash-Windows" name="PracticePackage.ClickRegLink" tests="3" failures="0" timestamp="22 Apr 2018 05:32:33 GMT" time="35.455" errors="0">
  <testcase name="SearchRegistry" time="13.913" classname="PracticePackage.ClickRegLink"/>
  <testcase name="SearchRegistry" time="8.814" classname="PracticePackage.ClickRegLink"/>
  <testcase name="SearchRegistry" time="12.728" classname="PracticePackage.ClickRegLink"/>
</testsuite> <!-- PracticePackage.ClickRegLink -->
