<?xml version="1.0" encoding="UTF-8"?>
<!-- Generated by org.testng.reporters.JUnitReportReporter -->
<testsuite skipped="0" hostname="Subash-Windows" name="PracticePackage.ValidateProducts" tests="1" failures="0" timestamp="17 Apr 2018 06:44:45 GMT" time="62.512" errors="0">
  <testcase name="validateProducts" time="62.512" classname="PracticePackage.ValidateProducts"/>
</testsuite> <!-- PracticePackage.ValidateProducts -->
