<?xml version="1.0" encoding="UTF-8"?>
<!-- Generated by org.testng.reporters.JUnitReportReporter -->
<testsuite skipped="0" hostname="Subash-Windows" name="PracticePackage.RegitriesandLists" tests="1" failures="0" timestamp="17 Apr 2018 06:44:45 GMT" time="7.858" errors="0">
  <testcase name="Registry" time="7.858" classname="PracticePackage.RegitriesandLists"/>
</testsuite> <!-- PracticePackage.RegitriesandLists -->
